#
# A fatal error has been detected by the Java Runtime Environment:
#
#  SIGSEGV (0xb) at pc=0x00007f8234d69f8f, pid=24559, tid=140196808914688
#
# JRE version: Java(TM) SE Runtime Environment (8.0_91-b14) (build 1.8.0_91-b14)
# Java VM: Java HotSpot(TM) 64-Bit Server VM (25.91-b14 mixed mode linux-amd64 compressed oops)
# Problematic frame:
# V  [libjvm.so+0x811f8f]  PhaseIdealLoop::build_loop_early(VectorSet&, Node_List&, Node_Stack&)+0x27f
#
# Failed to write core dump. Core dumps have been disabled. To enable core dumping, try "ulimit -c unlimited" before starting Java again
#
# If you would like to submit a bug report, please visit:
#   http://bugreport.java.com/bugreport/crash.jsp
#

---------------  T H R E A D  ---------------

Current thread (0x00007f82300c2000):  JavaThread "C2 CompilerThread1" daemon [_thread_in_native, id=24619, stack(0x00007f821cee7000,0x00007f821cfe8000)]

siginfo: si_signo: 11 (SIGSEGV), si_code: 1 (SEGV_MAPERR), si_addr: 0x0000400000000018

Registers:
RAX=0x00007f81f00fd8c0, RBX=0x0000000000000306, RCX=0x0000000000001000, RDX=0x0000000000000306
RSP=0x00007f821cfe2d30, RBP=0x00007f821cfe2d90, RSI=0x0000000000000040, RDI=0x00007f81ec0263e8
R8 =0x00007f81ec09c950, R9 =0x0000000000140000, R10=0x00007f81f0132000, R11=0x00007f8234954d10
R12=0x0000400000000000, R13=0x0000000000000000, R14=0x00007f81e4151ff0, R15=0x00007f821cfe4560
RIP=0x00007f8234d69f8f, EFLAGS=0x0000000000010206, CSGSFS=0x0000000000000033, ERR=0x0000000000000004
  TRAPNO=0x000000000000000e

Top of Stack: (sp=0x00007f821cfe2d30)
0x00007f821cfe2d30:   00007f81f00c2760 00007f821cfe3040
0x00007f821cfe2d40:   00007f821cfe3020 00007f821cfe3060
0x00007f821cfe2d50:   00007f821cfe4580 00007f82302f9248
0x00007f821cfe2d60:   0000000200002780 00007f81f0041c10
0x00007f821cfe2d70:   0000000000002780 00007f821cfe4560
0x00007f821cfe2d80:   0000000000000000 00007f821cfe3040
0x00007f821cfe2d90:   00007f821cfe30b0 00007f8234d70265
0x00007f821cfe2da0:   00007f821cfe2db0 00007f821cfe3060
0x00007f821cfe2db0:   00007f821cfe3020 01007f8234fcd1ad
0x00007f821cfe2dc0:   00007f821cfe4580 00007f8200000001
0x00007f821cfe2dd0:   00007f8230019ad0 00007f8200000010
0x00007f821cfe2de0:   00007f8230291c10 00007f8100000000
0x00007f821cfe2df0:   6c00bdb500000000 00007f81ec00aca0
0x00007f821cfe2e00:   00007f81e405cf28 00007f81f0042380
0x00007f821cfe2e10:   00007f82354d3f40 00007f821cfe3b20
0x00007f821cfe2e20:   00007f821cfe2e50 00007f8234fcf6c4
0x00007f821cfe2e30:   00007f81ec00aca0 00007f82304e6038
0x00007f821cfe2e40:   00007f81ec00aca0 00007f82304e6038
0x00007f821cfe2e50:   00007f821cfe2f10 00007f8234fd8780
0x00007f821cfe2e60:   00007f8100000802 0000000000000000
0x00007f821cfe2e70:   0000000000000200 0000023000000000
0x00007f821cfe2e80:   0000000000000040 0000000000000008
0x00007f821cfe2e90:   000000760000009b 0000000000000001
0x00007f821cfe2ea0:   0000000000000000 0000007c00000078
0x00007f821cfe2eb0:   00007f81e405cf28 0000000000000001
0x00007f821cfe2ec0:   0000000088ca6bff 00007f81f0000020
0x00007f821cfe2ed0:   0000000000008010 0000000000008010
0x00007f821cfe2ee0:   0000000000000000 0000000000000000
0x00007f821cfe2ef0:   00007f821cfe2f60 00007f82355b695c
0x00007f821cfe2f00:   0000000000000001 00007f82354d2a58
0x00007f821cfe2f10:   00007f821cfe2f50 00007f8234e6dca5
0x00007f821cfe2f20:   0000000cec00aca0 00007f821cfe2f60 

Instructions: (pc=0x00007f8234d69f8f)
0x00007f8234d69f6f:   48 89 5d c8 48 89 d8 e9 ed fd ff ff 0f 1f 44 00
0x00007f8234d69f7f:   00 49 8b 47 30 89 da 4c 8b 24 d0 4d 85 e4 74 34
0x00007f8234d69f8f:   49 83 7c 24 18 00 75 3b 39 d9 4d 8b 24 24 77 0b
0x00007f8234d69f9f:   48 8b 7d c0 89 de e8 46 a2 0d 00 49 8b 47 30 89 

Register to memory mapping:

RAX=0x00007f81f00fd8c0 is an unknown value
RBX=0x0000000000000306 is an unknown value
RCX=0x0000000000001000 is an unknown value
RDX=0x0000000000000306 is an unknown value
RSP=0x00007f821cfe2d30 is pointing into the stack for thread: 0x00007f82300c2000
RBP=0x00007f821cfe2d90 is pointing into the stack for thread: 0x00007f82300c2000
RSI=0x0000000000000040 is an unknown value
RDI=0x00007f81ec0263e8 is an unknown value
R8 =0x00007f81ec09c950 is an unknown value
R9 =0x0000000000140000 is an unknown value
R10=0x00007f81f0132000 is an unknown value
R11=0x00007f8234954d10: <offset 0x3fcd10> in /usr/java/jdk1.8.0_91/jre/lib/amd64/server/libjvm.so at 0x00007f8234558000
R12=0x0000400000000000 is an unknown value
R13=0x0000000000000000 is an unknown value
R14=0x00007f81e4151ff0 is an unknown value
R15=0x00007f821cfe4560 is pointing into the stack for thread: 0x00007f82300c2000


Stack: [0x00007f821cee7000,0x00007f821cfe8000],  sp=0x00007f821cfe2d30,  free space=1007k
Native frames: (J=compiled Java code, j=interpreted, Vv=VM code, C=native code)
V  [libjvm.so+0x811f8f]  PhaseIdealLoop::build_loop_early(VectorSet&, Node_List&, Node_Stack&)+0x27f
V  [libjvm.so+0x818265]  PhaseIdealLoop::build_and_optimize(bool, bool)+0x765
V  [libjvm.so+0x4a2b85]  Compile::Optimize()+0xb35
V  [libjvm.so+0x4a3fea]  Compile::Compile(ciEnv*, C2Compiler*, ciMethod*, int, bool, bool, bool)+0x13ca
V  [libjvm.so+0x3f1818]  C2Compiler::compile_method(ciEnv*, ciMethod*, int)+0x198
V  [libjvm.so+0x4ae4da]  CompileBroker::invoke_compiler_on_method(CompileTask*)+0xc9a
V  [libjvm.so+0x4af486]  CompileBroker::compiler_thread_loop()+0x5d6
V  [libjvm.so+0xa6b77f]  JavaThread::thread_main_inner()+0xdf
V  [libjvm.so+0xa6b8ac]  JavaThread::run()+0x11c
V  [libjvm.so+0x91ef78]  java_start(Thread*)+0x108
C  [libpthread.so.0+0x80a4]  start_thread+0xc4


Current CompileTask:
C2:  10015  236       4       sun.nio.cs.UTF_8$Decoder::decode (779 bytes)


---------------  P R O C E S S  ---------------

Java Threads: ( => current thread )
  0x00007f82300e1000 JavaThread "Service Thread" daemon [_thread_blocked, id=24621, stack(0x00007f821cce5000,0x00007f821cde6000)]
  0x00007f82300c4000 JavaThread "C1 CompilerThread2" daemon [_thread_blocked, id=24620, stack(0x00007f821cde6000,0x00007f821cee7000)]
=>0x00007f82300c2000 JavaThread "C2 CompilerThread1" daemon [_thread_in_native, id=24619, stack(0x00007f821cee7000,0x00007f821cfe8000)]
  0x00007f82300bf000 JavaThread "C2 CompilerThread0" daemon [_thread_blocked, id=24618, stack(0x00007f821cfe8000,0x00007f821d0e9000)]
  0x00007f82300bd800 JavaThread "Signal Dispatcher" daemon [_thread_blocked, id=24617, stack(0x00007f821d0e9000,0x00007f821d1ea000)]
  0x00007f8230086000 JavaThread "Finalizer" daemon [_thread_blocked, id=24616, stack(0x00007f821d359000,0x00007f821d45a000)]
  0x00007f8230081800 JavaThread "Reference Handler" daemon [_thread_blocked, id=24615, stack(0x00007f821d45a000,0x00007f821d55b000)]
  0x00007f8230007800 JavaThread "main" [_thread_in_native, id=24607, stack(0x00007f8236003000,0x00007f8236104000)]

Other Threads:
  0x00007f823007a000 VMThread [stack: 0x00007f821d55b000,0x00007f821d65c000] [id=24614]
  0x00007f82300ec000 WatcherThread [stack: 0x00007f821cbe4000,0x00007f821cce5000] [id=24622]

VM state:not at safepoint (normal execution)

VM Mutex/Monitor currently owned by a thread: None

Heap:
 PSYoungGen      total 35328K, used 9347K [0x00000000fab00000, 0x00000000fd200000, 0x0000000100000000)
  eden space 30720K, 30% used [0x00000000fab00000,0x00000000fb420c70,0x00000000fc900000)
  from space 4608K, 0% used [0x00000000fcd80000,0x00000000fcd80000,0x00000000fd200000)
  to   space 4608K, 0% used [0x00000000fc900000,0x00000000fc900000,0x00000000fcd80000)
 ParOldGen       total 80896K, used 0K [0x00000000f0000000, 0x00000000f4f00000, 0x00000000fab00000)
  object space 80896K, 0% used [0x00000000f0000000,0x00000000f0000000,0x00000000f4f00000)
 Metaspace       used 5696K, capacity 6592K, committed 6784K, reserved 1056768K
  class space    used 600K, capacity 628K, committed 640K, reserved 1048576K

Card table byte_map: [0x00007f8235f4d000,0x00007f8235fce000] byte_map_base: 0x00007f82357cd000

Marking Bits: (ParMarkBitMap*) 0x00007f823550ed60
 Begin Bits: [0x00007f821f78e000, 0x00007f821fb8e000)
 End Bits:   [0x00007f821fb8e000, 0x00007f821ff8e000)

Polling page: 0x00007f8236138000

CodeCache: size=245760Kb used=1686Kb max_used=1696Kb free=244073Kb
 bounds [0x00007f82209aa000, 0x00007f8220c1a000, 0x00007f822f9aa000]
 total_blobs=623 nmethods=252 adapters=286
 compilation: enabled

Compilation events (10 events):
Event: 9,991 Thread 0x00007f82300c4000 nmethod 250 0x00007f8220b4d6d0 code [0x00007f8220b4d840, 0x00007f8220b4da10]
Event: 9,991 Thread 0x00007f82300c4000  251       3       sun.security.util.ManifestDigester::isNameAttr (102 bytes)
Event: 9,991 Thread 0x00007f82300bf000  253 %     4       sun.security.util.ManifestDigester::findSection @ 20 (180 bytes)
Event: 9,991 Thread 0x00007f82300c4000 nmethod 251 0x00007f8220b4dad0 code [0x00007f8220b4dc60, 0x00007f8220b4e0d0]
Event: 9,991 Thread 0x00007f82300c4000  252       3       java.lang.StringBuilder::<init> (6 bytes)
Event: 9,991 Thread 0x00007f82300c4000 nmethod 252 0x00007f8220b4e250 code [0x00007f8220b4e3c0, 0x00007f8220b4e670]
Event: 9,991 Thread 0x00007f82300c4000  219       3       java.util.zip.ZipFile::access$1300 (5 bytes)
Event: 9,991 Thread 0x00007f82300c4000 nmethod 219 0x00007f8220b4e790 code [0x00007f8220b4e920, 0x00007f8220b4eb88]
Event: 9,991 Thread 0x00007f82300c4000  220  s    3       java.lang.StringBuffer::toString (36 bytes)
Event: 9,992 Thread 0x00007f82300c4000 nmethod 220 0x00007f8220b4ecd0 code [0x00007f8220b4ee60, 0x00007f8220b4f2e8]

GC Heap History (0 events):
No events

Deoptimization events (0 events):
No events

Internal exceptions (6 events):
Event: 0,063 Thread 0x00007f8230007800 Exception <a 'java/lang/NoSuchMethodError': Method sun.misc.Unsafe.defineClass(Ljava/lang/String;[BII)Ljava/lang/Class; name or signature does not match> (0x00000000fab07cc0) thrown at [/HUDSON/workspace/8-2-build-linux-amd64/jdk8u91/6644/hotspot/src/shar
Event: 0,063 Thread 0x00007f8230007800 Exception <a 'java/lang/NoSuchMethodError': Method sun.misc.Unsafe.prefetchRead(Ljava/lang/Object;J)V name or signature does not match> (0x00000000fab07fa8) thrown at [/HUDSON/workspace/8-2-build-linux-amd64/jdk8u91/6644/hotspot/src/share/vm/prims/jni.cpp
Event: 2,134 Thread 0x00007f8230007800 Exception <a 'java/security/PrivilegedActionException'> (0x00000000facdd990) thrown at [/HUDSON/workspace/8-2-build-linux-amd64/jdk8u91/6644/hotspot/src/share/vm/prims/jvm.cpp, line 1386]
Event: 2,134 Thread 0x00007f8230007800 Exception <a 'java/security/PrivilegedActionException'> (0x00000000facddd88) thrown at [/HUDSON/workspace/8-2-build-linux-amd64/jdk8u91/6644/hotspot/src/share/vm/prims/jvm.cpp, line 1386]
Event: 2,136 Thread 0x00007f8230007800 Exception <a 'java/security/PrivilegedActionException'> (0x00000000face0398) thrown at [/HUDSON/workspace/8-2-build-linux-amd64/jdk8u91/6644/hotspot/src/share/vm/prims/jvm.cpp, line 1386]
Event: 2,136 Thread 0x00007f8230007800 Exception <a 'java/security/PrivilegedActionException'> (0x00000000face0790) thrown at [/HUDSON/workspace/8-2-build-linux-amd64/jdk8u91/6644/hotspot/src/share/vm/prims/jvm.cpp, line 1386]

Events (10 events):
Event: 9,987 loading class sun/security/util/ManifestDigester done
Event: 9,987 loading class sun/security/util/ManifestDigester$Position
Event: 9,987 loading class sun/security/util/ManifestDigester$Position done
Event: 9,987 loading class sun/security/util/ManifestDigester$Entry
Event: 9,987 loading class sun/security/util/ManifestDigester$Entry done
Event: 10,007 loading class sun/security/jca/Providers
Event: 10,008 loading class sun/security/jca/Providers done
Event: 10,008 loading class java/lang/InheritableThreadLocal
Event: 10,008 loading class java/lang/InheritableThreadLocal done
Event: 10,008 Executing VM operation: Deoptimize


Dynamic libraries:
00400000-00401000 r-xp 00000000 00:24 315536                             /usr/java/jdk1.8.0_91/bin/java
00600000-00601000 rw-p 00000000 00:24 315536                             /usr/java/jdk1.8.0_91/bin/java
01e1e000-01e3f000 rw-p 00000000 00:00 0                                  [heap]
f0000000-f4f00000 rw-p 00000000 00:00 0 
f4f00000-fab00000 ---p 00000000 00:00 0 
fab00000-fd200000 rw-p 00000000 00:00 0 
fd200000-100000000 ---p 00000000 00:00 0 
100000000-1000a0000 rw-p 00000000 00:00 0 
1000a0000-140000000 ---p 00000000 00:00 0 
7f81d7d4b000-7f81d7d4e000 r-xp 00000000 00:24 10590                      /usr/lib64/pango/1.8.0/modules/pango-basic-fc.so
7f81d7d4e000-7f81d7f4d000 ---p 00003000 00:24 10590                      /usr/lib64/pango/1.8.0/modules/pango-basic-fc.so
7f81d7f4d000-7f81d7f4e000 r--p 00002000 00:24 10590                      /usr/lib64/pango/1.8.0/modules/pango-basic-fc.so
7f81d7f4e000-7f81d7f4f000 rw-p 00003000 00:24 10590                      /usr/lib64/pango/1.8.0/modules/pango-basic-fc.so
7f81d7f4f000-7f81d7f51000 r-xp 00000000 00:24 214376                     /usr/lib64/gconv/ISO8859-1.so
7f81d7f51000-7f81d8150000 ---p 00002000 00:24 214376                     /usr/lib64/gconv/ISO8859-1.so
7f81d8150000-7f81d8151000 r--p 00001000 00:24 214376                     /usr/lib64/gconv/ISO8859-1.so
7f81d8151000-7f81d8152000 rw-p 00002000 00:24 214376                     /usr/lib64/gconv/ISO8859-1.so
7f81d8152000-7f81d815c000 r-xp 00000000 00:24 250211                     /usr/lib64/gtk-2.0/2.10.0/engines/libpixmap.so
7f81d815c000-7f81d835b000 ---p 0000a000 00:24 250211                     /usr/lib64/gtk-2.0/2.10.0/engines/libpixmap.so
7f81d835b000-7f81d835c000 r--p 00009000 00:24 250211                     /usr/lib64/gtk-2.0/2.10.0/engines/libpixmap.so
7f81d835c000-7f81d835d000 rw-p 0000a000 00:24 250211                     /usr/lib64/gtk-2.0/2.10.0/engines/libpixmap.so
7f81d835d000-7f81d8363000 r-xp 00000000 00:24 36256                      /usr/lib64/libogg.so.0.8.0
7f81d8363000-7f81d8562000 ---p 00006000 00:24 36256                      /usr/lib64/libogg.so.0.8.0
7f81d8562000-7f81d8563000 r--p 00005000 00:24 36256                      /usr/lib64/libogg.so.0.8.0
7f81d8563000-7f81d8564000 rw-p 00006000 00:24 36256                      /usr/lib64/libogg.so.0.8.0
7f81d8564000-7f81d8590000 r-xp 00000000 00:24 35753                      /usr/lib64/libvorbis.so.0.4.6
7f81d8590000-7f81d8790000 ---p 0002c000 00:24 35753                      /usr/lib64/libvorbis.so.0.4.6
7f81d8790000-7f81d8791000 r--p 0002c000 00:24 35753                      /usr/lib64/libvorbis.so.0.4.6
7f81d8791000-7f81d8792000 rw-p 0002d000 00:24 35753                      /usr/lib64/libvorbis.so.0.4.6
7f81d8792000-7f81d879b000 r-xp 00000000 00:24 35813                      /usr/lib64/libltdl.so.7.3.0
7f81d879b000-7f81d899a000 ---p 00009000 00:24 35813                      /usr/lib64/libltdl.so.7.3.0
7f81d899a000-7f81d899b000 r--p 00008000 00:24 35813                      /usr/lib64/libltdl.so.7.3.0
7f81d899b000-7f81d899c000 rw-p 00009000 00:24 35813                      /usr/lib64/libltdl.so.7.3.0
7f81d899c000-7f81d89a4000 r-xp 00000000 00:24 36260                      /usr/lib64/libvorbisfile.so.3.3.5
7f81d89a4000-7f81d8ba3000 ---p 00008000 00:24 36260                      /usr/lib64/libvorbisfile.so.3.3.5
7f81d8ba3000-7f81d8ba4000 r--p 00007000 00:24 36260                      /usr/lib64/libvorbisfile.so.3.3.5
7f81d8ba4000-7f81d8ba5000 rw-p 00008000 00:24 36260                      /usr/lib64/libvorbisfile.so.3.3.5
7f81d8ba5000-7f81d8bb3000 r-xp 00000000 00:24 35782                      /usr/lib64/libcanberra.so.0.2.5
7f81d8bb3000-7f81d8db2000 ---p 0000e000 00:24 35782                      /usr/lib64/libcanberra.so.0.2.5
7f81d8db2000-7f81d8db3000 r--p 0000d000 00:24 35782                      /usr/lib64/libcanberra.so.0.2.5
7f81d8db3000-7f81d8db4000 rw-p 0000e000 00:24 35782                      /usr/lib64/libcanberra.so.0.2.5
7f81d8db4000-7f81d8db8000 r-xp 00000000 00:24 36057                      /usr/lib64/libcanberra-gtk.so.0.1.9
7f81d8db8000-7f81d8fb7000 ---p 00004000 00:24 36057                      /usr/lib64/libcanberra-gtk.so.0.1.9
7f81d8fb7000-7f81d8fb8000 r--p 00003000 00:24 36057                      /usr/lib64/libcanberra-gtk.so.0.1.9
7f81d8fb8000-7f81d8fb9000 rw-p 00004000 00:24 36057                      /usr/lib64/libcanberra-gtk.so.0.1.9
7f81d8fb9000-7f81d8fbe000 r-xp 00000000 00:24 36047                      /usr/lib64/gtk-2.0/modules/libcanberra-gtk-module.so
7f81d8fbe000-7f81d91bd000 ---p 00005000 00:24 36047                      /usr/lib64/gtk-2.0/modules/libcanberra-gtk-module.so
7f81d91bd000-7f81d91be000 r--p 00004000 00:24 36047                      /usr/lib64/gtk-2.0/modules/libcanberra-gtk-module.so
7f81d91be000-7f81d91bf000 rw-p 00005000 00:24 36047                      /usr/lib64/gtk-2.0/modules/libcanberra-gtk-module.so
7f81d91bf000-7f81d91e6000 r-xp 00000000 00:24 206673                     /usr/lib64/libgraphite2.so.3.0.1
7f81d91e6000-7f81d93e5000 ---p 00027000 00:24 206673                     /usr/lib64/libgraphite2.so.3.0.1
7f81d93e5000-7f81d93e7000 r--p 00026000 00:24 206673                     /usr/lib64/libgraphite2.so.3.0.1
7f81d93e7000-7f81d93e8000 rw-p 00028000 00:24 206673                     /usr/lib64/libgraphite2.so.3.0.1
7f81d93e8000-7f81d93f5000 r-xp 00000000 00:24 13613                      /usr/lib64/libdrm.so.2.4.0
7f81d93f5000-7f81d95f5000 ---p 0000d000 00:24 13613                      /usr/lib64/libdrm.so.2.4.0
7f81d95f5000-7f81d95f6000 r--p 0000d000 00:24 13613                      /usr/lib64/libdrm.so.2.4.0
7f81d95f6000-7f81d95f7000 rw-p 0000e000 00:24 13613                      /usr/lib64/libdrm.so.2.4.0
7f81d95f7000-7f81d9606000 r-xp 00000000 00:24 13293                      /usr/lib64/libwayland-server.so.0.1.0
7f81d9606000-7f81d9806000 ---p 0000f000 00:24 13293                      /usr/lib64/libwayland-server.so.0.1.0
7f81d9806000-7f81d9808000 r--p 0000f000 00:24 13293                      /usr/lib64/libwayland-server.so.0.1.0
7f81d9808000-7f81d9809000 rw-p 00011000 00:24 13293                      /usr/lib64/libwayland-server.so.0.1.0
7f81d9809000-7f81d9815000 r-xp 00000000 00:24 10615                      /usr/lib64/libwayland-client.so.0.3.0
7f81d9815000-7f81d9a14000 ---p 0000c000 00:24 10615                      /usr/lib64/libwayland-client.so.0.3.0
7f81d9a14000-7f81d9a16000 r--p 0000b000 00:24 10615                      /usr/lib64/libwayland-client.so.0.3.0
7f81d9a16000-7f81d9a17000 rw-p 0000d000 00:24 10615                      /usr/lib64/libwayland-client.so.0.3.0
7f81d9a17000-7f81d9a23000 r-xp 00000000 00:24 208500                     /usr/lib64/libgbm.so.1.0.0
7f81d9a23000-7f81d9c23000 ---p 0000c000 00:24 208500                     /usr/lib64/libgbm.so.1.0.0
7f81d9c23000-7f81d9c24000 r--p 0000c000 00:24 208500                     /usr/lib64/libgbm.so.1.0.0
7f81d9c24000-7f81d9c25000 rw-p 0000d000 00:24 208500                     /usr/lib64/libgbm.so.1.0.0
7f81d9c25000-7f81d9c2b000 r-xp 00000000 00:24 13326                      /usr/lib64/libxcb-xfixes.so.0.0.0
7f81d9c2b000-7f81d9e2a000 ---p 00006000 00:24 13326                      /usr/lib64/libxcb-xfixes.so.0.0.0
7f81d9e2a000-7f81d9e2b000 r--p 00005000 00:24 13326                      /usr/lib64/libxcb-xfixes.so.0.0.0
7f81d9e2b000-7f81d9e2c000 rw-p 00006000 00:24 13326                      /usr/lib64/libxcb-xfixes.so.0.0.0
7f81d9e2c000-7f81d9e30000 r-xp 00000000 00:24 15723                      /usr/lib64/libxcb-dri2.so.0.0.0
7f81d9e30000-7f81da02f000 ---p 00004000 00:24 15723                      /usr/lib64/libxcb-dri2.so.0.0.0
7f81da02f000-7f81da030000 r--p 00003000 00:24 15723                      /usr/lib64/libxcb-dri2.so.0.0.0
7f81da030000-7f81da031000 rw-p 00004000 00:24 15723                      /usr/lib64/libxcb-dri2.so.0.0.0
7f81da031000-7f81da032000 r-xp 00000000 00:24 206984                     /usr/lib64/libX11-xcb.so.1.0.0
7f81da032000-7f81da231000 ---p 00001000 00:24 206984                     /usr/lib64/libX11-xcb.so.1.0.0
7f81da231000-7f81da232000 r--p 00000000 00:24 206984                     /usr/lib64/libX11-xcb.so.1.0.0
7f81da232000-7f81da233000 rw-p 00001000 00:24 206984                     /usr/lib64/libX11-xcb.so.1.0.0
7f81da233000-7f81da236000 r-xp 00000000 00:24 16916                      /usr/lib64/libXau.so.6.0.0
7f81da236000-7f81da435000 ---p 00003000 00:24 16916                      /usr/lib64/libXau.so.6.0.0
7f81da435000-7f81da436000 r--p 00002000 00:24 16916                      /usr/lib64/libXau.so.6.0.0
7f81da436000-7f81da437000 rw-p 00003000 00:24 16916                      /usr/lib64/libXau.so.6.0.0
7f81da437000-7f81da445000 r-xp 00000000 00:24 206734                     /usr/lib64/libbz2.so.1.0.6
7f81da445000-7f81da644000 ---p 0000e000 00:24 206734                     /usr/lib64/libbz2.so.1.0.6
7f81da644000-7f81da645000 r--p 0000d000 00:24 206734                     /usr/lib64/libbz2.so.1.0.6
7f81da645000-7f81da646000 rw-p 0000e000 00:24 206734                     /usr/lib64/libbz2.so.1.0.6
7f81da646000-7f81da66d000 r-xp 00000000 00:24 206722                     /usr/lib64/libexpat.so.1.6.0
7f81da66d000-7f81da86d000 ---p 00027000 00:24 206722                     /usr/lib64/libexpat.so.1.6.0
7f81da86d000-7f81da86f000 r--p 00027000 00:24 206722                     /usr/lib64/libexpat.so.1.6.0
7f81da86f000-7f81da870000 rw-p 00029000 00:24 206722                     /usr/lib64/libexpat.so.1.6.0
7f81da870000-7f81da8d5000 r-xp 00000000 00:24 12500                      /usr/lib64/libpcre.so.1.2.1
7f81da8d5000-7f81daad4000 ---p 00065000 00:24 12500                      /usr/lib64/libpcre.so.1.2.1
7f81daad4000-7f81daad5000 r--p 00064000 00:24 12500                      /usr/lib64/libpcre.so.1.2.1
7f81daad5000-7f81daad6000 rw-p 00065000 00:24 12500                      /usr/lib64/libpcre.so.1.2.1
7f81daad6000-7f81daade000 r-xp 00000000 00:24 206716                     /usr/lib64/libffi.so.4.0.1
7f81daade000-7f81dacdd000 ---p 00008000 00:24 206716                     /usr/lib64/libffi.so.4.0.1
7f81dacdd000-7f81dacde000 r--p 00007000 00:24 206716                     /usr/lib64/libffi.so.4.0.1
7f81dacde000-7f81dacdf000 rw-p 00008000 00:24 206716                     /usr/lib64/libffi.so.4.0.1
7f81dacdf000-7f81dad3e000 r-xp 00000000 00:24 584796                     /usr/lib64/libharfbuzz.so.0.10000.3
7f81dad3e000-7f81daf3e000 ---p 0005f000 00:24 584796                     /usr/lib64/libharfbuzz.so.0.10000.3
7f81daf3e000-7f81daf3f000 r--p 0005f000 00:24 584796                     /usr/lib64/libharfbuzz.so.0.10000.3
7f81daf3f000-7f81daf40000 rw-p 00060000 00:24 584796                     /usr/lib64/libharfbuzz.so.0.10000.3
7f81daf40000-7f81daf54000 r-xp 00000000 00:24 454795                     /lib64/libresolv-2.19.so
7f81daf54000-7f81db153000 ---p 00014000 00:24 454795                     /lib64/libresolv-2.19.so
7f81db153000-7f81db154000 r--p 00013000 00:24 454795                     /lib64/libresolv-2.19.so
7f81db154000-7f81db155000 rw-p 00014000 00:24 454795                     /lib64/libresolv-2.19.so
7f81db155000-7f81db157000 rw-p 00000000 00:00 0 
7f81db157000-7f81db178000 r-xp 00000000 00:24 206531                     /lib64/libselinux.so.1
7f81db178000-7f81db377000 ---p 00021000 00:24 206531                     /lib64/libselinux.so.1
7f81db377000-7f81db378000 r--p 00020000 00:24 206531                     /lib64/libselinux.so.1
7f81db378000-7f81db379000 rw-p 00021000 00:24 206531                     /lib64/libselinux.so.1
7f81db379000-7f81db37b000 rw-p 00000000 00:00 0 
7f81db37b000-7f81db425000 r-xp 00000000 00:24 424938                     /usr/X11R6/lib64/fglrx/fglrx-libGL.so.1.2
7f81db425000-7f81db525000 ---p 000aa000 00:24 424938                     /usr/X11R6/lib64/fglrx/fglrx-libGL.so.1.2
7f81db525000-7f81db55b000 rwxp 000aa000 00:24 424938                     /usr/X11R6/lib64/fglrx/fglrx-libGL.so.1.2
7f81db55b000-7f81db578000 rwxp 00000000 00:00 0 
7f81db578000-7f81db58d000 r-xp 00000000 00:24 1330                       /lib64/libz.so.1.2.8
7f81db58d000-7f81db78c000 ---p 00015000 00:24 1330                       /lib64/libz.so.1.2.8
7f81db78c000-7f81db78d000 r--p 00014000 00:24 1330                       /lib64/libz.so.1.2.8
7f81db78d000-7f81db78e000 rw-p 00015000 00:24 1330                       /lib64/libz.so.1.2.8
7f81db78e000-7f81db796000 r-xp 00000000 00:24 13460                      /usr/lib64/libxcb-render.so.0.0.0
7f81db796000-7f81db996000 ---p 00008000 00:24 13460                      /usr/lib64/libxcb-render.so.0.0.0
7f81db996000-7f81db997000 r--p 00008000 00:24 13460                      /usr/lib64/libxcb-render.so.0.0.0
7f81db997000-7f81db998000 rw-p 00009000 00:24 13460                      /usr/lib64/libxcb-render.so.0.0.0
7f81db998000-7f81db99a000 r-xp 00000000 00:24 13471                      /usr/lib64/libxcb-shm.so.0.0.0
7f81db99a000-7f81dbb99000 ---p 00002000 00:24 13471                      /usr/lib64/libxcb-shm.so.0.0.0
7f81dbb99000-7f81dbb9a000 r--p 00001000 00:24 13471                      /usr/lib64/libxcb-shm.so.0.0.0
7f81dbb9a000-7f81dbb9b000 rw-p 00002000 00:24 13471                      /usr/lib64/libxcb-shm.so.0.0.0
7f81dbb9b000-7f81dbbd7000 r-xp 00000000 00:24 206570                     /usr/lib64/libpng16.so.16.8.0
7f81dbbd7000-7f81dbdd6000 ---p 0003c000 00:24 206570                     /usr/lib64/libpng16.so.16.8.0
7f81dbdd6000-7f81dbdd7000 r--p 0003b000 00:24 206570                     /usr/lib64/libpng16.so.16.8.0
7f81dbdd7000-7f81dbdd8000 rw-p 0003c000 00:24 206570                     /usr/lib64/libpng16.so.16.8.0
7f81dbdd8000-7f81dbdfe000 r-xp 00000000 00:24 231616                     /usr/lib64/libEGL.so.1.0.0
7f81dbdfe000-7f81dbffe000 ---p 00026000 00:24 231616                     /usr/lib64/libEGL.so.1.0.0
7f81dbffe000-7f81dbfff000 r--p 00026000 00:24 231616                     /usr/lib64/libEGL.so.1.0.0
7f81dbfff000-7f81dc000000 rw-p 00027000 00:24 231616                     /usr/lib64/libEGL.so.1.0.0
7f81dc000000-7f81dc021000 rw-p 00000000 00:00 0 
7f81dc021000-7f81e0000000 ---p 00000000 00:00 0 
7f81e0110000-7f81e015b000 r--p 00000000 00:24 295298                     /usr/share/fonts/truetype/NotoSans-Regular.ttf
7f81e015b000-7f81e01fe000 r-xp 00000000 00:24 13235                      /usr/lib64/libpixman-1.so.0.32.6
7f81e01fe000-7f81e03fe000 ---p 000a3000 00:24 13235                      /usr/lib64/libpixman-1.so.0.32.6
7f81e03fe000-7f81e0405000 r--p 000a3000 00:24 13235                      /usr/lib64/libpixman-1.so.0.32.6
7f81e0405000-7f81e0406000 rw-p 000aa000 00:24 13235                      /usr/lib64/libpixman-1.so.0.32.6
7f81e0406000-7f81e0425000 r-xp 00000000 00:24 15719                      /usr/lib64/libxcb.so.1.1.0
7f81e0425000-7f81e0624000 ---p 0001f000 00:24 15719                      /usr/lib64/libxcb.so.1.1.0
7f81e0624000-7f81e0625000 r--p 0001e000 00:24 15719                      /usr/lib64/libxcb.so.1.1.0
7f81e0625000-7f81e0626000 rw-p 0001f000 00:24 15719                      /usr/lib64/libxcb.so.1.1.0
7f81e0626000-7f81e06b7000 r-xp 00000000 00:24 13463                      /usr/lib64/libfreetype.so.6.11.4
7f81e06b7000-7f81e08b6000 ---p 00091000 00:24 13463                      /usr/lib64/libfreetype.so.6.11.4
7f81e08b6000-7f81e08bc000 r--p 00090000 00:24 13463                      /usr/lib64/libfreetype.so.6.11.4
7f81e08bc000-7f81e08bd000 rw-p 00096000 00:24 13463                      /usr/lib64/libfreetype.so.6.11.4
7f81e08bd000-7f81e08bf000 r-xp 00000000 00:24 13287                      /usr/lib64/libXdamage.so.1.1.0
7f81e08bf000-7f81e0abe000 ---p 00002000 00:24 13287                      /usr/lib64/libXdamage.so.1.1.0
7f81e0abe000-7f81e0abf000 r--p 00001000 00:24 13287                      /usr/lib64/libXdamage.so.1.1.0
7f81e0abf000-7f81e0ac0000 rw-p 00002000 00:24 13287                      /usr/lib64/libXdamage.so.1.1.0
7f81e0ac0000-7f81e0ac2000 r-xp 00000000 00:24 10594                      /usr/lib64/libXcomposite.so.1.0.0
7f81e0ac2000-7f81e0cc1000 ---p 00002000 00:24 10594                      /usr/lib64/libXcomposite.so.1.0.0
7f81e0cc1000-7f81e0cc2000 r--p 00001000 00:24 10594                      /usr/lib64/libXcomposite.so.1.0.0
7f81e0cc2000-7f81e0cc3000 rw-p 00002000 00:24 10594                      /usr/lib64/libXcomposite.so.1.0.0
7f81e0cc3000-7f81e0ccd000 r-xp 00000000 00:24 15657                      /usr/lib64/libXcursor.so.1.0.2
7f81e0ccd000-7f81e0ecc000 ---p 0000a000 00:24 15657                      /usr/lib64/libXcursor.so.1.0.2
7f81e0ecc000-7f81e0ecd000 r--p 00009000 00:24 15657                      /usr/lib64/libXcursor.so.1.0.2
7f81e0ecd000-7f81e0ece000 rw-p 0000a000 00:24 15657                      /usr/lib64/libXcursor.so.1.0.2
7f81e0ece000-7f81e0ed8000 r-xp 00000000 00:24 13607                      /usr/lib64/libXrandr.so.2.2.0
7f81e0ed8000-7f81e10d7000 ---p 0000a000 00:24 13607                      /usr/lib64/libXrandr.so.2.2.0
7f81e10d7000-7f81e10d8000 r--p 00009000 00:24 13607                      /usr/lib64/libXrandr.so.2.2.0
7f81e10d8000-7f81e10d9000 rw-p 0000a000 00:24 13607                      /usr/lib64/libXrandr.so.2.2.0
7f81e10d9000-7f81e10e8000 r-xp 00000000 00:24 12532                      /usr/lib64/libXi.so.6.1.0
7f81e10e8000-7f81e12e7000 ---p 0000f000 00:24 12532                      /usr/lib64/libXi.so.6.1.0
7f81e12e7000-7f81e12e8000 r--p 0000e000 00:24 12532                      /usr/lib64/libXi.so.6.1.0
7f81e12e8000-7f81e12e9000 rw-p 0000f000 00:24 12532                      /usr/lib64/libXi.so.6.1.0
7f81e12e9000-7f81e12eb000 r-xp 00000000 00:24 13265                      /usr/lib64/libXinerama.so.1.0.0
7f81e12eb000-7f81e14ea000 ---p 00002000 00:24 13265                      /usr/lib64/libXinerama.so.1.0.0
7f81e14ea000-7f81e14eb000 r--p 00001000 00:24 13265                      /usr/lib64/libXinerama.so.1.0.0
7f81e14eb000-7f81e14ec000 rw-p 00002000 00:24 13265                      /usr/lib64/libXinerama.so.1.0.0
7f81e14ec000-7f81e14f5000 r-xp 00000000 00:24 13479                      /usr/lib64/libXrender.so.1.3.0
7f81e14f5000-7f81e16f4000 ---p 00009000 00:24 13479                      /usr/lib64/libXrender.so.1.3.0
7f81e16f4000-7f81e16f5000 r--p 00008000 00:24 13479                      /usr/lib64/libXrender.so.1.3.0
7f81e16f5000-7f81e16f6000 rw-p 00009000 00:24 13479                      /usr/lib64/libXrender.so.1.3.0
7f81e16f6000-7f81e1707000 r-xp 00000000 00:24 10601                      /usr/lib64/libXext.so.6.4.0
7f81e1707000-7f81e1906000 ---p 00011000 00:24 10601                      /usr/lib64/libXext.so.6.4.0
7f81e1906000-7f81e1907000 r--p 00010000 00:24 10601                      /usr/lib64/libXext.so.6.4.0
7f81e1907000-7f81e1908000 rw-p 00011000 00:24 10601                      /usr/lib64/libXext.so.6.4.0
7f81e1908000-7f81e1942000 r-xp 00000000 00:24 15624                      /usr/lib64/libfontconfig.so.1.8.0
7f81e1942000-7f81e1b42000 ---p 0003a000 00:24 15624                      /usr/lib64/libfontconfig.so.1.8.0
7f81e1b42000-7f81e1b44000 r--p 0003a000 00:24 15624                      /usr/lib64/libfontconfig.so.1.8.0
7f81e1b44000-7f81e1b45000 rw-p 0003c000 00:24 15624                      /usr/lib64/libfontconfig.so.1.8.0
7f81e1b45000-7f81e1c52000 r-xp 00000000 00:24 16975                      /usr/lib64/libglib-2.0.so.0.4400.1
7f81e1c52000-7f81e1e51000 ---p 0010d000 00:24 16975                      /usr/lib64/libglib-2.0.so.0.4400.1
7f81e1e51000-7f81e1e52000 r--p 0010c000 00:24 16975                      /usr/lib64/libglib-2.0.so.0.4400.1
7f81e1e52000-7f81e1e53000 rw-p 0010d000 00:24 16975                      /usr/lib64/libglib-2.0.so.0.4400.1
7f81e1e53000-7f81e1e54000 rw-p 00000000 00:00 0 
7f81e1e54000-7f81e1ea3000 r-xp 00000000 00:24 10619                      /usr/lib64/libgobject-2.0.so.0.4400.1
7f81e1ea3000-7f81e20a3000 ---p 0004f000 00:24 10619                      /usr/lib64/libgobject-2.0.so.0.4400.1
7f81e20a3000-7f81e20a4000 r--p 0004f000 00:24 10619                      /usr/lib64/libgobject-2.0.so.0.4400.1
7f81e20a4000-7f81e20a5000 rw-p 00050000 00:24 10619                      /usr/lib64/libgobject-2.0.so.0.4400.1
7f81e20a5000-7f81e20ee000 r-xp 00000000 00:24 13705                      /usr/lib64/libpango-1.0.so.0.3600.8
7f81e20ee000-7f81e22ed000 ---p 00049000 00:24 13705                      /usr/lib64/libpango-1.0.so.0.3600.8
7f81e22ed000-7f81e22ef000 r--p 00048000 00:24 13705                      /usr/lib64/libpango-1.0.so.0.3600.8
7f81e22ef000-7f81e22f0000 rw-p 0004a000 00:24 13705                      /usr/lib64/libpango-1.0.so.0.3600.8
7f81e22f0000-7f81e2303000 r-xp 00000000 00:24 16960                      /usr/lib64/libpangoft2-1.0.so.0.3600.8
7f81e2303000-7f81e2502000 ---p 00013000 00:24 16960                      /usr/lib64/libpangoft2-1.0.so.0.3600.8
7f81e2502000-7f81e2503000 r--p 00012000 00:24 16960                      /usr/lib64/libpangoft2-1.0.so.0.3600.8
7f81e2503000-7f81e2504000 rw-p 00013000 00:24 16960                      /usr/lib64/libpangoft2-1.0.so.0.3600.8
7f81e2504000-7f81e267b000 r-xp 00000000 00:24 13165                      /usr/lib64/libgio-2.0.so.0.4400.1
7f81e267b000-7f81e287b000 ---p 00177000 00:24 13165                      /usr/lib64/libgio-2.0.so.0.4400.1
7f81e287b000-7f81e287f000 r--p 00177000 00:24 13165                      /usr/lib64/libgio-2.0.so.0.4400.1
7f81e287f000-7f81e2881000 rw-p 0017b000 00:24 13165                      /usr/lib64/libgio-2.0.so.0.4400.1
7f81e2881000-7f81e2883000 rw-p 00000000 00:00 0 
7f81e2883000-7f81e28a5000 r-xp 00000000 00:24 235622                     /usr/lib64/libgdk_pixbuf-2.0.so.0.3100.6
7f81e28a5000-7f81e2aa4000 ---p 00022000 00:24 235622                     /usr/lib64/libgdk_pixbuf-2.0.so.0.3100.6
7f81e2aa4000-7f81e2aa5000 r--p 00021000 00:24 235622                     /usr/lib64/libgdk_pixbuf-2.0.so.0.3100.6
7f81e2aa5000-7f81e2aa6000 rw-p 00022000 00:24 235622                     /usr/lib64/libgdk_pixbuf-2.0.so.0.3100.6
7f81e2aa6000-7f81e2bc2000 r-xp 00000000 00:24 559403                     /usr/lib64/libcairo.so.2.11400.2
7f81e2bc2000-7f81e2dc2000 ---p 0011c000 00:24 559403                     /usr/lib64/libcairo.so.2.11400.2
7f81e2dc2000-7f81e2dc5000 r--p 0011c000 00:24 559403                     /usr/lib64/libcairo.so.2.11400.2
7f81e2dc5000-7f81e2dc7000 rw-p 0011f000 00:24 559403                     /usr/lib64/libcairo.so.2.11400.2
7f81e2dc7000-7f81e2dc8000 rw-p 00000000 00:00 0 
7f81e2dc8000-7f81e2deb000 r-xp 00000000 00:24 12559                      /usr/lib64/libatk-1.0.so.0.21609.1
7f81e2deb000-7f81e2fea000 ---p 00023000 00:24 12559                      /usr/lib64/libatk-1.0.so.0.21609.1
7f81e2fea000-7f81e2fed000 r--p 00022000 00:24 12559                      /usr/lib64/libatk-1.0.so.0.21609.1
7f81e2fed000-7f81e2fee000 rw-p 00025000 00:24 12559                      /usr/lib64/libatk-1.0.so.0.21609.1
7f81e2fee000-7f81e2ff3000 r-xp 00000000 00:24 12552                      /usr/lib64/libXfixes.so.3.1.0
7f81e2ff3000-7f81e31f2000 ---p 00005000 00:24 12552                      /usr/lib64/libXfixes.so.3.1.0
7f81e31f2000-7f81e31f3000 r--p 00004000 00:24 12552                      /usr/lib64/libXfixes.so.3.1.0
7f81e31f3000-7f81e31f4000 rw-p 00005000 00:24 12552                      /usr/lib64/libXfixes.so.3.1.0
7f81e31f4000-7f81e332c000 r-xp 00000000 00:24 454628                     /usr/lib64/libX11.so.6.3.0
7f81e332c000-7f81e352c000 ---p 00138000 00:24 454628                     /usr/lib64/libX11.so.6.3.0
7f81e352c000-7f81e352d000 r--p 00138000 00:24 454628                     /usr/lib64/libX11.so.6.3.0
7f81e352d000-7f81e3532000 rw-p 00139000 00:24 454628                     /usr/lib64/libX11.so.6.3.0
7f81e3532000-7f81e353e000 r-xp 00000000 00:24 16981                      /usr/lib64/libpangocairo-1.0.so.0.3600.8
7f81e353e000-7f81e373d000 ---p 0000c000 00:24 16981                      /usr/lib64/libpangocairo-1.0.so.0.3600.8
7f81e373d000-7f81e373e000 r--p 0000b000 00:24 16981                      /usr/lib64/libpangocairo-1.0.so.0.3600.8
7f81e373e000-7f81e373f000 rw-p 0000c000 00:24 16981                      /usr/lib64/libpangocairo-1.0.so.0.3600.8
7f81e373f000-7f81e3742000 r-xp 00000000 00:24 16962                      /usr/lib64/libgmodule-2.0.so.0.4400.1
7f81e3742000-7f81e3941000 ---p 00003000 00:24 16962                      /usr/lib64/libgmodule-2.0.so.0.4400.1
7f81e3941000-7f81e3942000 r--p 00002000 00:24 16962                      /usr/lib64/libgmodule-2.0.so.0.4400.1
7f81e3942000-7f81e3943000 rw-p 00003000 00:24 16962                      /usr/lib64/libgmodule-2.0.so.0.4400.1
7f81e3943000-7f81e39f3000 r-xp 00000000 00:24 250222                     /usr/lib64/libgdk-x11-2.0.so.0.2400.30
7f81e39f3000-7f81e3bf2000 ---p 000b0000 00:24 250222                     /usr/lib64/libgdk-x11-2.0.so.0.2400.30
7f81e3bf2000-7f81e3bf6000 r--p 000af000 00:24 250222                     /usr/lib64/libgdk-x11-2.0.so.0.2400.30
7f81e3bf6000-7f81e3bf8000 rw-p 000b3000 00:24 250222                     /usr/lib64/libgdk-x11-2.0.so.0.2400.30
7f81e3bf8000-7f81e3bfd000 r-xp 00000000 00:24 13712                      /usr/lib64/libXtst.so.6.1.0
7f81e3bfd000-7f81e3dfc000 ---p 00005000 00:24 13712                      /usr/lib64/libXtst.so.6.1.0
7f81e3dfc000-7f81e3dfd000 r--p 00004000 00:24 13712                      /usr/lib64/libXtst.so.6.1.0
7f81e3dfd000-7f81e3dfe000 rw-p 00005000 00:24 13712                      /usr/lib64/libXtst.so.6.1.0
7f81e3dfe000-7f81e3dff000 r-xp 00000000 00:24 40219                      /usr/lib64/libgthread-2.0.so.0.4400.1
7f81e3dff000-7f81e3ffe000 ---p 00001000 00:24 40219                      /usr/lib64/libgthread-2.0.so.0.4400.1
7f81e3ffe000-7f81e3fff000 r--p 00000000 00:24 40219                      /usr/lib64/libgthread-2.0.so.0.4400.1
7f81e3fff000-7f81e4000000 rw-p 00001000 00:24 40219                      /usr/lib64/libgthread-2.0.so.0.4400.1
7f81e4000000-7f81e4197000 rw-p 00000000 00:00 0 
7f81e4197000-7f81e8000000 ---p 00000000 00:00 0 
7f81e8000000-7f81e8021000 rw-p 00000000 00:00 0 
7f81e8021000-7f81ec000000 ---p 00000000 00:00 0 
7f81ec000000-7f81ec0ba000 rw-p 00000000 00:00 0 
7f81ec0ba000-7f81f0000000 ---p 00000000 00:00 0 
7f81f0000000-7f81f0399000 rw-p 00000000 00:00 0 
7f81f0399000-7f81f4000000 ---p 00000000 00:00 0 
7f81f4000000-7f81f4021000 rw-p 00000000 00:00 0 
7f81f4021000-7f81f8000000 ---p 00000000 00:00 0 
7f81f8000000-7f81f8021000 rw-p 00000000 00:00 0 
7f81f8021000-7f81fc000000 ---p 00000000 00:00 0 
7f81fc000000-7f81fc021000 rw-p 00000000 00:00 0 
7f81fc021000-7f8200000000 ---p 00000000 00:00 0 
7f8200000000-7f8200021000 rw-p 00000000 00:00 0 
7f8200021000-7f8204000000 ---p 00000000 00:00 0 
7f8204000000-7f8204021000 rw-p 00000000 00:00 0 
7f8204021000-7f8208000000 ---p 00000000 00:00 0 
7f8208000000-7f8208021000 rw-p 00000000 00:00 0 
7f8208021000-7f820c000000 ---p 00000000 00:00 0 
7f820c000000-7f820c021000 rw-p 00000000 00:00 0 
7f820c021000-7f8210000000 ---p 00000000 00:00 0 
7f8210000000-7f8210021000 rw-p 00000000 00:00 0 
7f8210021000-7f8214000000 ---p 00000000 00:00 0 
7f8214000000-7f8214021000 rw-p 00000000 00:00 0 
7f8214021000-7f8218000000 ---p 00000000 00:00 0 
7f8218000000-7f8218021000 rw-p 00000000 00:00 0 
7f8218021000-7f821c000000 ---p 00000000 00:00 0 
7f821c011000-7f821c012000 rw-p 00000000 00:00 0 
7f821c012000-7f821c014000 r--s 00000000 00:24 70590                      /var/cache/fontconfig/69fb4bbe1b2fa860e172a32ebf28505c-x86_64.cache-4
7f821c014000-7f821c076000 r--s 00000000 00:24 315337                     /var/cache/fontconfig/7ef2298fde41cc6eeb7af42e48b7d293-x86_64.cache-4
7f821c076000-7f821c0ad000 r--s 00000000 00:24 191025                     /var/cache/fontconfig/8d4af663993b81a124ee82e610bb31f9-x86_64.cache-4
7f821c0ad000-7f821c0bc000 r--s 00000000 00:24 191023                     /var/cache/fontconfig/d42e465d3d703735db7577b46e8d64be-x86_64.cache-4
7f821c0bc000-7f821c130000 r--s 00000000 00:24 191013                     /var/cache/fontconfig/17090aa38d5c6f09fb8c5c354938f1d7-x86_64.cache-4
7f821c130000-7f821c1a4000 r--s 00000000 00:24 191011                     /var/cache/fontconfig/df311e82a1a24c41a75c2c930223552e-x86_64.cache-4
7f821c1a4000-7f821c1cd000 r--p 00000000 00:24 254263                     /usr/share/locale/pt/LC_MESSAGES/gtk20-properties.mo
7f821c1cd000-7f821c1f6000 r--p 00000000 00:24 254265                     /usr/share/locale/pt_BR/LC_MESSAGES/gtk20-properties.mo
7f821c1f6000-7f821c624000 r-xp 00000000 00:24 250224                     /usr/lib64/libgtk-x11-2.0.so.0.2400.30
7f821c624000-7f821c824000 ---p 0042e000 00:24 250224                     /usr/lib64/libgtk-x11-2.0.so.0.2400.30
7f821c824000-7f821c82b000 r--p 0042e000 00:24 250224                     /usr/lib64/libgtk-x11-2.0.so.0.2400.30
7f821c82b000-7f821c82f000 rw-p 00435000 00:24 250224                     /usr/lib64/libgtk-x11-2.0.so.0.2400.30
7f821c82f000-7f821c833000 rw-p 00000000 00:00 0 
7f821c833000-7f821c836000 r--s 00000000 00:24 191029                     /var/cache/fontconfig/d458be102e54cf534d1eef0dcbb02d07-x86_64.cache-4
7f821c836000-7f821c83f000 r--s 00000000 00:24 191017                     /var/cache/fontconfig/d62e99ef547d1d24cdb1bd22ec1a2976-x86_64.cache-4
7f821c83f000-7f821c854000 r--p 00000000 00:24 214464                     /usr/share/locale/pt_BR/LC_MESSAGES/libc.mo
7f821c854000-7f821c863000 r--p 00000000 00:24 254266                     /usr/share/locale/pt_BR/LC_MESSAGES/gtk20.mo
7f821c863000-7f821c8cf000 r-xp 00000000 00:2a 267998                     /tmp/swtlib-64/libswt-pi-gtk-3550.so
7f821c8cf000-7f821c9ce000 ---p 0006c000 00:2a 267998                     /tmp/swtlib-64/libswt-pi-gtk-3550.so
7f821c9ce000-7f821c9d1000 rw-p 0006b000 00:2a 267998                     /tmp/swtlib-64/libswt-pi-gtk-3550.so
7f821c9d1000-7f821c9d3000 rw-p 00000000 00:00 0 
7f821c9d3000-7f821ca13000 r-xp 00000000 00:2a 267997                     /tmp/swtlib-64/libswt-gtk-3550.so
7f821ca13000-7f821cb13000 ---p 00040000 00:2a 267997                     /tmp/swtlib-64/libswt-gtk-3550.so
7f821cb13000-7f821cb17000 rw-p 00040000 00:2a 267997                     /tmp/swtlib-64/libswt-gtk-3550.so
7f821cb17000-7f821cb18000 rw-p 00000000 00:00 0 
7f821cb18000-7f821cb2c000 r--s 0015a000 08:23 278735375                  /home/mrlsoares/Android/Sdk/tools/lib/x86_64/swt.jar
7f821cb2c000-7f821cb3a000 r--s 001b2000 08:23 429426610                  /home/mrlsoares/Android/Sdk/tools/lib/osgi-4.0.0.jar
7f821cb3a000-7f821cb3c000 r--s 00017000 08:23 429385195                  /home/mrlsoares/Android/Sdk/tools/lib/org-eclipse-equinox-common-3.6.0.jar
7f821cb3c000-7f821cb40000 r--s 00017000 08:23 429450817                  /home/mrlsoares/Android/Sdk/tools/lib/org-eclipse-core-commands-3.6.0.jar
7f821cb40000-7f821cb41000 r--s 00004000 08:23 429147683                  /home/mrlsoares/Android/Sdk/tools/lib/swtmenubar.jar
7f821cb41000-7f821cb4b000 r--s 0006c000 08:23 429450818                  /home/mrlsoares/Android/Sdk/tools/lib/sdkuilib.jar
7f821cb4b000-7f821cb4d000 r--s 0000d000 08:23 429450840                  /home/mrlsoares/Android/Sdk/tools/lib/commons-codec-1.4.jar
7f821cb4d000-7f821cb4f000 r--s 0000d000 08:23 429426609                  /home/mrlsoares/Android/Sdk/tools/lib/commons-logging-1.1.1.jar
7f821cb4f000-7f821cb54000 r--s 00028000 08:23 429450821                  /home/mrlsoares/Android/Sdk/tools/lib/httpcore-4.1.jar
7f821cb54000-7f821cb56000 r--s 00005000 08:23 429450825                  /home/mrlsoares/Android/Sdk/tools/lib/httpmime-4.1.jar
7f821cb56000-7f821cb5e000 r--s 0004e000 08:23 429385199                  /home/mrlsoares/Android/Sdk/tools/lib/httpclient-4.1.1.jar
7f821cb5e000-7f821cb65000 r--s 00053000 08:23 429151519                  /home/mrlsoares/Android/Sdk/tools/lib/commons-compress-1.8.1.jar
7f821cb65000-7f821cb6a000 r--s 0002a000 08:23 429402640                  /home/mrlsoares/Android/Sdk/tools/lib/gson-2.2.4.jar
7f821cb6a000-7f821cb6d000 r--s 00012000 08:23 429385190                  /home/mrlsoares/Android/Sdk/tools/lib/layoutlib-api.jar
7f821cb6d000-7f821cb78000 r--s 0021a000 00:24 317357                     /usr/java/jdk1.8.0_91/jre/lib/ext/localedata.jar
7f821cb78000-7f821cb9a000 r--s 0038e000 00:24 315849                     /usr/java/jdk1.8.0_91/jre/lib/ext/cldrdata.jar
7f821cb9a000-7f821cba4000 r--s 000a8000 08:23 429426601                  /home/mrlsoares/Android/Sdk/tools/lib/sdklib.jar
7f821cba4000-7f821cbcf000 r--s 001f9000 08:23 429144458                  /home/mrlsoares/Android/Sdk/tools/lib/guava-17.0.jar
7f821cbcf000-7f821cbe4000 r--s 000f1000 08:23 429147649                  /home/mrlsoares/Android/Sdk/tools/lib/org-eclipse-jface-3.6.2.jar
7f821cbe4000-7f821cbe5000 ---p 00000000 00:00 0 
7f821cbe5000-7f821cce5000 rw-p 00000000 00:00 0                          [stack:24622]
7f821cce5000-7f821cce8000 ---p 00000000 00:00 0 
7f821cce8000-7f821cde6000 rw-p 00000000 00:00 0                          [stack:24621]
7f821cde6000-7f821cde9000 ---p 00000000 00:00 0 
7f821cde9000-7f821cee7000 rw-p 00000000 00:00 0                          [stack:24620]
7f821cee7000-7f821ceea000 ---p 00000000 00:00 0 
7f821ceea000-7f821cfe8000 rw-p 00000000 00:00 0                          [stack:24619]
7f821cfe8000-7f821cfeb000 ---p 00000000 00:00 0 
7f821cfeb000-7f821d0e9000 rw-p 00000000 00:00 0                          [stack:24618]
7f821d0e9000-7f821d0ec000 ---p 00000000 00:00 0 
7f821d0ec000-7f821d1ea000 rw-p 00000000 00:00 0                          [stack:24617]
7f821d1ea000-7f821d229000 r--p 00000000 00:24 214475                     /usr/lib/locale/pt_BR.utf8/LC_CTYPE
7f821d229000-7f821d359000 r--p 00000000 00:24 214474                     /usr/lib/locale/pt_BR.utf8/LC_COLLATE
7f821d359000-7f821d35c000 ---p 00000000 00:00 0 
7f821d35c000-7f821d45a000 rw-p 00000000 00:00 0                          [stack:24616]
7f821d45a000-7f821d45d000 ---p 00000000 00:00 0 
7f821d45d000-7f821d55b000 rw-p 00000000 00:00 0                          [stack:24615]
7f821d55b000-7f821d55c000 ---p 00000000 00:00 0 
7f821d55c000-7f821ec65000 rw-p 00000000 00:00 0                          [stack:24614]
7f821ec65000-7f821ee3d000 r--s 03cd8000 00:24 317354                     /usr/java/jdk1.8.0_91/jre/lib/rt.jar
7f821ee3d000-7f821f50e000 rw-p 00000000 00:00 0 
7f821f50e000-7f821f70e000 ---p 00000000 00:00 0 
7f821f70e000-7f821ff8e000 rw-p 00000000 00:00 0 
7f821ff8e000-7f821ff8f000 ---p 00000000 00:00 0 
7f821ff8f000-7f822008f000 rw-p 00000000 00:00 0                          [stack:24613]
7f822008f000-7f8220090000 ---p 00000000 00:00 0 
7f8220090000-7f8220190000 rw-p 00000000 00:00 0                          [stack:24612]
7f8220190000-7f8220191000 ---p 00000000 00:00 0 
7f8220191000-7f8220291000 rw-p 00000000 00:00 0                          [stack:24611]
7f8220291000-7f8220292000 ---p 00000000 00:00 0 
7f8220292000-7f8220392000 rw-p 00000000 00:00 0                          [stack:24610]
7f8220392000-7f8220393000 ---p 00000000 00:00 0 
7f8220393000-7f8220493000 rw-p 00000000 00:00 0                          [stack:24609]
7f8220493000-7f8220494000 ---p 00000000 00:00 0 
7f8220494000-7f82205bc000 rw-p 00000000 00:00 0                          [stack:24608]
7f82205bc000-7f82205ea000 ---p 00000000 00:00 0 
7f82205ea000-7f82205f4000 rw-p 00000000 00:00 0 
7f82205f4000-7f82209aa000 ---p 00000000 00:00 0 
7f82209aa000-7f8220c1a000 rwxp 00000000 00:00 0 
7f8220c1a000-7f822f9aa000 ---p 00000000 00:00 0 
7f822f9aa000-7f822f9c4000 r-xp 00000000 00:24 315721                     /usr/java/jdk1.8.0_91/jre/lib/amd64/libzip.so
7f822f9c4000-7f822fbc4000 ---p 0001a000 00:24 315721                     /usr/java/jdk1.8.0_91/jre/lib/amd64/libzip.so
7f822fbc4000-7f822fbc5000 rw-p 0001a000 00:24 315721                     /usr/java/jdk1.8.0_91/jre/lib/amd64/libzip.so
7f822fbc5000-7f822fbef000 r-xp 00000000 00:24 315685                     /usr/java/jdk1.8.0_91/jre/lib/amd64/libjava.so
7f822fbef000-7f822fdef000 ---p 0002a000 00:24 315685                     /usr/java/jdk1.8.0_91/jre/lib/amd64/libjava.so
7f822fdef000-7f822fdf1000 rw-p 0002a000 00:24 315685                     /usr/java/jdk1.8.0_91/jre/lib/amd64/libjava.so
7f822fdf1000-7f822fdfe000 r-xp 00000000 00:24 315720                     /usr/java/jdk1.8.0_91/jre/lib/amd64/libverify.so
7f822fdfe000-7f822fffe000 ---p 0000d000 00:24 315720                     /usr/java/jdk1.8.0_91/jre/lib/amd64/libverify.so
7f822fffe000-7f8230000000 rw-p 0000d000 00:24 315720                     /usr/java/jdk1.8.0_91/jre/lib/amd64/libverify.so
7f8230000000-7f82304ee000 rw-p 00000000 00:00 0 
7f82304ee000-7f8234000000 ---p 00000000 00:00 0 
7f8234000000-7f8234001000 r--s 00004000 08:23 429426617                  /home/mrlsoares/Android/Sdk/tools/lib/dvlib.jar
7f8234001000-7f8234002000 r--s 00004000 08:23 429144448                  /home/mrlsoares/Android/Sdk/tools/lib/annotations-12.0.jar
7f8234002000-7f8234004000 r--s 00000000 08:23 429158037                  /home/mrlsoares/Android/Sdk/tools/lib/annotations.jar
7f8234004000-7f8234006000 r--s 00014000 08:23 427558590                  /home/mrlsoares/Android/Sdk/tools/lib/common.jar
7f8234006000-7f823404f000 rw-p 00000000 00:00 0 
7f823404f000-7f8234056000 r-xp 00000000 00:24 454797                     /lib64/librt-2.19.so
7f8234056000-7f8234255000 ---p 00007000 00:24 454797                     /lib64/librt-2.19.so
7f8234255000-7f8234256000 r--p 00006000 00:24 454797                     /lib64/librt-2.19.so
7f8234256000-7f8234257000 rw-p 00007000 00:24 454797                     /lib64/librt-2.19.so
7f8234257000-7f8234357000 r-xp 00000000 00:24 454773                     /lib64/libm-2.19.so
7f8234357000-7f8234556000 ---p 00100000 00:24 454773                     /lib64/libm-2.19.so
7f8234556000-7f8234557000 r--p 000ff000 00:24 454773                     /lib64/libm-2.19.so
7f8234557000-7f8234558000 rw-p 00100000 00:24 454773                     /lib64/libm-2.19.so
7f8234558000-7f8235218000 r-xp 00000000 00:24 315725                     /usr/java/jdk1.8.0_91/jre/lib/amd64/server/libjvm.so
7f8235218000-7f8235418000 ---p 00cc0000 00:24 315725                     /usr/java/jdk1.8.0_91/jre/lib/amd64/server/libjvm.so
7f8235418000-7f82354f0000 rw-p 00cc0000 00:24 315725                     /usr/java/jdk1.8.0_91/jre/lib/amd64/server/libjvm.so
7f82354f0000-7f823553b000 rw-p 00000000 00:00 0 
7f823553b000-7f82356d9000 r-xp 00000000 00:24 454765                     /lib64/libc-2.19.so
7f82356d9000-7f82358d9000 ---p 0019e000 00:24 454765                     /lib64/libc-2.19.so
7f82358d9000-7f82358dd000 r--p 0019e000 00:24 454765                     /lib64/libc-2.19.so
7f82358dd000-7f82358df000 rw-p 001a2000 00:24 454765                     /lib64/libc-2.19.so
7f82358df000-7f82358e3000 rw-p 00000000 00:00 0 
7f82358e3000-7f82358e6000 r-xp 00000000 00:24 454771                     /lib64/libdl-2.19.so
7f82358e6000-7f8235ae5000 ---p 00003000 00:24 454771                     /lib64/libdl-2.19.so
7f8235ae5000-7f8235ae6000 r--p 00002000 00:24 454771                     /lib64/libdl-2.19.so
7f8235ae6000-7f8235ae7000 rw-p 00003000 00:24 454771                     /lib64/libdl-2.19.so
7f8235ae7000-7f8235afc000 r-xp 00000000 00:24 315992                     /usr/java/jdk1.8.0_91/lib/amd64/jli/libjli.so
7f8235afc000-7f8235cfc000 ---p 00015000 00:24 315992                     /usr/java/jdk1.8.0_91/lib/amd64/jli/libjli.so
7f8235cfc000-7f8235cfd000 rw-p 00015000 00:24 315992                     /usr/java/jdk1.8.0_91/lib/amd64/jli/libjli.so
7f8235cfd000-7f8235d15000 r-xp 00000000 00:24 454793                     /lib64/libpthread-2.19.so
7f8235d15000-7f8235f14000 ---p 00018000 00:24 454793                     /lib64/libpthread-2.19.so
7f8235f14000-7f8235f15000 r--p 00017000 00:24 454793                     /lib64/libpthread-2.19.so
7f8235f15000-7f8235f16000 rw-p 00018000 00:24 454793                     /lib64/libpthread-2.19.so
7f8235f16000-7f8235f1a000 rw-p 00000000 00:00 0 
7f8235f1a000-7f8235f3b000 r-xp 00000000 00:24 454757                     /lib64/ld-2.19.so
7f8235f3b000-7f8235f3c000 r--s 0000a000 08:23 429426571                  /home/mrlsoares/Android/Sdk/tools/lib/kxml2-2.3.0.jar
7f8235f3c000-7f8235f3d000 r--s 00007000 08:23 429450823                  /home/mrlsoares/Android/Sdk/tools/lib/sdkmanager.jar
7f8235f3d000-7f8235f3e000 r--p 00000000 00:24 214509                     /usr/lib/locale/pt_BR.utf8/LC_NUMERIC
7f8235f3e000-7f8235f3f000 r--p 00000000 00:24 213587                     /usr/lib/locale/pt_BR.utf8/LC_TIME
7f8235f3f000-7f8235f40000 r--p 00000000 00:24 213585                     /usr/lib/locale/pt_BR.utf8/LC_MONETARY
7f8235f40000-7f8235f41000 r--p 00000000 00:24 214836                     /usr/lib/locale/pt_BR.utf8/LC_MESSAGES/SYS_LC_MESSAGES
7f8235f41000-7f8235f42000 r--p 00000000 00:24 214480                     /usr/lib/locale/pt_BR.utf8/LC_PAPER
7f8235f42000-7f8235f43000 r--p 00000000 00:24 214503                     /usr/lib/locale/pt_BR.utf8/LC_NAME
7f8235f43000-7f8235f44000 r--p 00000000 00:24 213583                     /usr/lib/locale/pt_BR.utf8/LC_ADDRESS
7f8235f44000-7f8235f45000 r--p 00000000 00:24 213586                     /usr/lib/locale/pt_BR.utf8/LC_TELEPHONE
7f8235f45000-7f8235f46000 r--p 00000000 00:24 214476                     /usr/lib/locale/pt_BR.utf8/LC_MEASUREMENT
7f8235f46000-7f8235f4d000 r--s 00000000 00:24 454822                     /usr/lib64/gconv/gconv-modules.cache
7f8235f4d000-7f8235f75000 rw-p 00000000 00:00 0 
7f8235f75000-7f8235fa2000 ---p 00000000 00:00 0 
7f8235fa2000-7f8235fb6000 rw-p 00000000 00:00 0 
7f8235fb6000-7f8235fcd000 ---p 00000000 00:00 0 
7f8235fcd000-7f8235fce000 rw-p 00000000 00:00 0 
7f8235fce000-7f8236003000 r--s 00000000 00:13 15077                      /run/nscd/passwd
7f8236003000-7f8236006000 ---p 00000000 00:00 0 
7f8236006000-7f8236108000 rw-p 00000000 00:00 0                          [stack:24607]
7f8236108000-7f8236109000 r--p 00000000 00:24 213584                     /usr/lib/locale/pt_BR.utf8/LC_IDENTIFICATION
7f8236109000-7f823612f000 rw-p 00000000 00:00 0 
7f823612f000-7f8236137000 rw-s 00000000 00:2a 268471                     /tmp/hsperfdata_mrlsoares/24559
7f8236137000-7f8236138000 rw-p 00000000 00:00 0 
7f8236138000-7f8236139000 r--p 00000000 00:00 0 
7f8236139000-7f823613a000 rw-p 00000000 00:00 0 
7f823613a000-7f823613b000 r--p 00020000 00:24 454757                     /lib64/ld-2.19.so
7f823613b000-7f823613c000 rw-p 00021000 00:24 454757                     /lib64/ld-2.19.so
7f823613c000-7f823613d000 rw-p 00000000 00:00 0 
7ffe21d56000-7ffe21d78000 rw-p 00000000 00:00 0                          [stack]
7ffe21d7c000-7ffe21d7e000 r--p 00000000 00:00 0                          [vvar]
7ffe21d7e000-7ffe21d80000 r-xp 00000000 00:00 0                          [vdso]
ffffffffff600000-ffffffffff601000 r-xp 00000000 00:00 0                  [vsyscall]

VM Arguments:
jvm_args: -Xmx256M -Dcom.android.sdkmanager.toolsdir=/home/mrlsoares/Android/Sdk/tools 
java_command: com.android.sdkmanager.Main
java_class_path (initial): /home/mrlsoares/Android/Sdk/tools/lib/sdkmanager.jar:/home/mrlsoares/Android/Sdk/tools/lib/swtmenubar.jar:/home/mrlsoares/Android/Sdk/tools/lib/x86_64/swt.jar
Launcher Type: SUN_STANDARD

Environment Variables:
JAVA_HOME=/usr/java/jdk1.8.0_91/
JRE_HOME=/usr/java/latest/jre
PATH=/home/mrlsoares/.nvm/versions/node/v4.4.7/bin:/home/mrlsoares/bin:/usr/local/bin:/usr/bin:/bin:/usr/bin/X11:/usr/games:/usr/java/jdk1.8.0_91/bin/:/home/mrlsoares/Android/Sdk
SHELL=/bin/bash
DISPLAY=:0
HOSTTYPE=x86_64
OSTYPE=linux
MACHTYPE=x86_64-suse-linux

Signal Handlers:
SIGSEGV: [libjvm.so+0xabca10], sa_mask[0]=11111111011111111101111111111110, sa_flags=SA_RESTART|SA_SIGINFO
SIGBUS: [libjvm.so+0xabca10], sa_mask[0]=11111111011111111101111111111110, sa_flags=SA_RESTART|SA_SIGINFO
SIGFPE: [libjvm.so+0x919a20], sa_mask[0]=11111111011111111101111111111110, sa_flags=SA_RESTART|SA_SIGINFO
SIGPIPE: SIG_IGN, sa_mask[0]=00000000000010000000000000000000, sa_flags=SA_RESTART
SIGXFSZ: [libjvm.so+0x919a20], sa_mask[0]=11111111011111111101111111111110, sa_flags=SA_RESTART|SA_SIGINFO
SIGILL: [libjvm.so+0x919a20], sa_mask[0]=11111111011111111101111111111110, sa_flags=SA_RESTART|SA_SIGINFO
SIGUSR1: SIG_DFL, sa_mask[0]=00000000000000000000000000000000, sa_flags=none
SIGUSR2: [libjvm.so+0x91b050], sa_mask[0]=00000000000000000000000000000000, sa_flags=SA_RESTART|SA_SIGINFO
SIGHUP: [libjvm.so+0x91c450], sa_mask[0]=11111111011111111101111111111110, sa_flags=SA_RESTART|SA_SIGINFO
SIGINT: [libjvm.so+0x91c450], sa_mask[0]=11111111011111111101111111111110, sa_flags=SA_RESTART|SA_SIGINFO
SIGTERM: [libjvm.so+0x91c450], sa_mask[0]=11111111011111111101111111111110, sa_flags=SA_RESTART|SA_SIGINFO
SIGQUIT: [libjvm.so+0x91c450], sa_mask[0]=11111111011111111101111111111110, sa_flags=SA_RESTART|SA_SIGINFO


---------------  S Y S T E M  ---------------

OS:openSUSE 42.1 (x86_64)
VERSION = 42.1
CODENAME = Malachite
# /etc/SuSE-release is deprecated and will be removed in the future, use /etc/os-release instead

uname:Linux 4.1.27-27-default #1 SMP PREEMPT Fri Jul 15 12:46:41 UTC 2016 (84ae57e) x86_64
libc:glibc 2.19 NPTL 2.19 
rlimit: STACK 8192k, CORE 0k, NPROC 29587, NOFILE 4096, AS infinity
load average:9,32 7,81 5,63

/proc/meminfo:
MemTotal:        7657232 kB
MemFree:           58280 kB
MemAvailable:    2477160 kB
Buffers:           13292 kB
Cached:          2301312 kB
SwapCached:        41216 kB
Active:          3704780 kB
Inactive:        2159716 kB
Active(anon):    2591292 kB
Inactive(anon):  1026356 kB
Active(file):    1113488 kB
Inactive(file):  1133360 kB
Unevictable:         112 kB
Mlocked:             112 kB
SwapTotal:      16868348 kB
SwapFree:       16414196 kB
Dirty:             91536 kB
Writeback:           896 kB
AnonPages:       3529764 kB
Mapped:          1196068 kB
Shmem:             67400 kB
Slab:             328180 kB
SReclaimable:     249772 kB
SUnreclaim:        78408 kB
KernelStack:       12304 kB
PageTables:        51496 kB
NFS_Unstable:          0 kB
Bounce:                0 kB
WritebackTmp:          0 kB
CommitLimit:    20696964 kB
Committed_AS:    8064828 kB
VmallocTotal:   34359738367 kB
VmallocUsed:      322640 kB
VmallocChunk:   34358947836 kB
HardwareCorrupted:     0 kB
AnonHugePages:    346112 kB
HugePages_Total:       0
HugePages_Free:        0
HugePages_Rsvd:        0
HugePages_Surp:        0
Hugepagesize:       2048 kB
DirectMap4k:     4247488 kB
DirectMap2M:     3614720 kB
DirectMap1G:           0 kB


CPU:total 6 (6 cores per cpu, 1 threads per core) family 16 model 10 stepping 0, cmov, cx8, fxsr, mmx, sse, sse2, sse3, popcnt, mmxext, 3dnowpref, lzcnt, sse4a, tsc, tscinvbit, tscinv

/proc/cpuinfo:
processor	: 0
vendor_id	: AuthenticAMD
cpu family	: 16
model		: 10
model name	: AMD Phenom(tm) II X6 1100T Processor
stepping	: 0
microcode	: 0x10000dc
cpu MHz		: 800.000
cache size	: 512 KB
physical id	: 0
siblings	: 6
core id		: 0
cpu cores	: 6
apicid		: 0
initial apicid	: 0
fpu		: yes
fpu_exception	: yes
cpuid level	: 6
wp		: yes
flags		: fpu vme de pse tsc msr pae mce cx8 apic sep mtrr pge mca cmov pat pse36 clflush mmx fxsr sse sse2 ht syscall nx mmxext fxsr_opt pdpe1gb rdtscp lm 3dnowext 3dnow constant_tsc rep_good nopl nonstop_tsc extd_apicid aperfmperf pni monitor cx16 popcnt lahf_lm cmp_legacy svm extapic cr8_legacy abm sse4a misalignsse 3dnowprefetch osvw ibs skinit wdt cpb hw_pstate npt lbrv svm_lock nrip_save pausefilter vmmcall
bugs		: tlb_mmatch apic_c1e fxsave_leak sysret_ss_attrs
bogomips	: 6629.86
TLB size	: 1024 4K pages
clflush size	: 64
cache_alignment	: 64
address sizes	: 48 bits physical, 48 bits virtual
power management: ts ttp tm stc 100mhzsteps hwpstate cpb

processor	: 1
vendor_id	: AuthenticAMD
cpu family	: 16
model		: 10
model name	: AMD Phenom(tm) II X6 1100T Processor
stepping	: 0
microcode	: 0x10000dc
cpu MHz		: 1700.000
cache size	: 512 KB
physical id	: 0
siblings	: 6
core id		: 1
cpu cores	: 6
apicid		: 1
initial apicid	: 1
fpu		: yes
fpu_exception	: yes
cpuid level	: 6
wp		: yes
flags		: fpu vme de pse tsc msr pae mce cx8 apic sep mtrr pge mca cmov pat pse36 clflush mmx fxsr sse sse2 ht syscall nx mmxext fxsr_opt pdpe1gb rdtscp lm 3dnowext 3dnow constant_tsc rep_good nopl nonstop_tsc extd_apicid aperfmperf pni monitor cx16 popcnt lahf_lm cmp_legacy svm extapic cr8_legacy abm sse4a misalignsse 3dnowprefetch osvw ibs skinit wdt cpb hw_pstate npt lbrv svm_lock nrip_save pausefilter vmmcall
bugs		: tlb_mmatch apic_c1e fxsave_leak sysret_ss_attrs
bogomips	: 6629.86
TLB size	: 1024 4K pages
clflush size	: 64
cache_alignment	: 64
address sizes	: 48 bits physical, 48 bits virtual
power management: ts ttp tm stc 100mhzsteps hwpstate cpb

processor	: 2
vendor_id	: AuthenticAMD
cpu family	: 16
model		: 10
model name	: AMD Phenom(tm) II X6 1100T Processor
stepping	: 0
microcode	: 0x10000dc
cpu MHz		: 3300.000
cache size	: 512 KB
physical id	: 0
siblings	: 6
core id		: 4
cpu cores	: 6
apicid		: 2
initial apicid	: 4
fpu		: yes
fpu_exception	: yes
cpuid level	: 6
wp		: yes
flags		: fpu vme de pse tsc msr pae mce cx8 apic sep mtrr pge mca cmov pat pse36 clflush mmx fxsr sse sse2 ht syscall nx mmxext fxsr_opt pdpe1gb rdtscp lm 3dnowext 3dnow constant_tsc rep_good nopl nonstop_tsc extd_apicid aperfmperf pni monitor cx16 popcnt lahf_lm cmp_legacy svm extapic cr8_legacy abm sse4a misalignsse 3dnowprefetch osvw ibs skinit wdt cpb hw_pstate npt lbrv svm_lock nrip_save pausefilter vmmcall
bugs		: tlb_mmatch apic_c1e fxsave_leak sysret_ss_attrs
bogomips	: 6629.86
TLB size	: 1024 4K pages
clflush size	: 64
cache_alignment	: 64
address sizes	: 48 bits physical, 48 bits virtual
power management: ts ttp tm stc 100mhzsteps hwpstate cpb

processor	: 3
vendor_id	: AuthenticAMD
cpu family	: 16
model		: 10
model name	: AMD Phenom(tm) II X6 1100T Processor
stepping	: 0
microcode	: 0x10000dc
cpu MHz		: 1700.000
cache size	: 512 KB
physical id	: 0
siblings	: 6
core id		: 5
cpu cores	: 6
apicid		: 3
initial apicid	: 5
fpu		: yes
fpu_exception	: yes
cpuid level	: 6
wp		: yes
flags		: fpu vme de pse tsc msr pae mce cx8 apic sep mtrr pge mca cmov pat pse36 clflush mmx fxsr sse sse2 ht syscall nx mmxext fxsr_opt pdpe1gb rdtscp lm 3dnowext 3dnow constant_tsc rep_good nopl nonstop_tsc extd_apicid aperfmperf pni monitor cx16 popcnt lahf_lm cmp_legacy svm extapic cr8_legacy abm sse4a misalignsse 3dnowprefetch osvw ibs skinit wdt cpb hw_pstate npt lbrv svm_lock nrip_save pausefilter vmmcall
bugs		: tlb_mmatch apic_c1e fxsave_leak sysret_ss_attrs
bogomips	: 6629.86
TLB size	: 1024 4K pages
clflush size	: 64
cache_alignment	: 64
address sizes	: 48 bits physical, 48 bits virtual
power management: ts ttp tm stc 100mhzsteps hwpstate cpb

processor	: 4
vendor_id	: AuthenticAMD
cpu family	: 16
model		: 10
model name	: AMD Phenom(tm) II X6 1100T Processor
stepping	: 0
microcode	: 0x10000dc
cpu MHz		: 3300.000
cache size	: 512 KB
physical id	: 0
siblings	: 6
core id		: 2
cpu cores	: 6
apicid		: 4
initial apicid	: 2
fpu		: yes
fpu_exception	: yes
cpuid level	: 6
wp		: yes
flags		: fpu vme de pse tsc msr pae mce cx8 apic sep mtrr pge mca cmov pat pse36 clflush mmx fxsr sse sse2 ht syscall nx mmxext fxsr_opt pdpe1gb rdtscp lm 3dnowext 3dnow constant_tsc rep_good nopl nonstop_tsc extd_apicid aperfmperf pni monitor cx16 popcnt lahf_lm cmp_legacy svm extapic cr8_legacy abm sse4a misalignsse 3dnowprefetch osvw ibs skinit wdt cpb hw_pstate npt lbrv svm_lock nrip_save pausefilter vmmcall
bugs		: tlb_mmatch apic_c1e fxsave_leak sysret_ss_attrs
bogomips	: 6629.86
TLB size	: 1024 4K pages
clflush size	: 64
cache_alignment	: 64
address sizes	: 48 bits physical, 48 bits virtual
power management: ts ttp tm stc 100mhzsteps hwpstate cpb

processor	: 5
vendor_id	: AuthenticAMD
cpu family	: 16
model		: 10
model name	: AMD Phenom(tm) II X6 1100T Processor
stepping	: 0
microcode	: 0x10000dc
cpu MHz		: 800.000
cache size	: 512 KB
physical id	: 0
siblings	: 6
core id		: 3
cpu cores	: 6
apicid		: 5
initial apicid	: 3
fpu		: yes
fpu_exception	: yes
cpuid level	: 6
wp		: yes
flags		: fpu vme de pse tsc msr pae mce cx8 apic sep mtrr pge mca cmov pat pse36 clflush mmx fxsr sse sse2 ht syscall nx mmxext fxsr_opt pdpe1gb rdtscp lm 3dnowext 3dnow constant_tsc rep_good nopl nonstop_tsc extd_apicid aperfmperf pni monitor cx16 popcnt lahf_lm cmp_legacy svm extapic cr8_legacy abm sse4a misalignsse 3dnowprefetch osvw ibs skinit wdt cpb hw_pstate npt lbrv svm_lock nrip_save pausefilter vmmcall
bugs		: tlb_mmatch apic_c1e fxsave_leak sysret_ss_attrs
bogomips	: 6629.86
TLB size	: 1024 4K pages
clflush size	: 64
cache_alignment	: 64
address sizes	: 48 bits physical, 48 bits virtual
power management: ts ttp tm stc 100mhzsteps hwpstate cpb



Memory: 4k page, physical 7657232k(58280k free), swap 16868348k(16414196k free)

vm_info: Java HotSpot(TM) 64-Bit Server VM (25.91-b14) for linux-amd64 JRE (1.8.0_91-b14), built on Apr  1 2016 00:57:21 by "java_re" with gcc 4.3.0 20080428 (Red Hat 4.3.0-8)

time: Mon Aug 22 12:33:55 2016
elapsed time: 10 seconds (0d 0h 0m 10s)

